[2025-07-18T19:53:39Z] INFO bot [inst=DOGE-USDT-SWAP] [sess=ab961dc9f03e4c9087458029e5cca812] [mode=START] [err=-]: ⏲️ Time offset set to 180 ms
[2025-07-18T19:53:40Z] INFO bot [inst=DOGE-USDT-SWAP] [sess=ab961dc9f03e4c9087458029e5cca812] [mode=START] [err=-]: 📈 Initial snapshot fetched
[2025-07-18T19:53:40Z] INFO bot [inst=DOGE-USDT-SWAP] [sess=ab961dc9f03e4c9087458029e5cca812] [mode=-] [err=-]: ▶️ [TPSL] Monitor starting
[2025-07-18T19:53:40Z] INFO bot [inst=DOGE-USDT-SWAP] [sess=ab961dc9f03e4c9087458029e5cca812] [mode=START] [err=-]: Orchestrator started
[2025-07-18T19:53:41Z] INFO bot [inst=DOGE-USDT-SWAP] [sess=ab961dc9f03e4c9087458029e5cca812] [mode=WS] [err=-]: ✅ [WS] login successful
[2025-07-18T19:53:41Z] INFO bot [inst=DOGE-USDT-SWAP] [sess=ab961dc9f03e4c9087458029e5cca812] [mode=WS] [err=-]: ✅ [WS] subscribed to orders
[2025-07-18T19:53:42Z] INFO bot [inst=DOGE-USDT-SWAP] [sess=ab961dc9f03e4c9087458029e5cca812] [mode=WS] [err=-]: ✅ [WS] subscribed to positions
[2025-07-18T19:53:43Z] INFO bot [inst=DOGE-USDT-SWAP] [sess=ab961dc9f03e4c9087458029e5cca812] [mode=ORDER] [err=-]: → ORDER mode
[2025-07-18T19:53:43Z] INFO bot [inst=DOGE-USDT-SWAP] [sess=ab961dc9f03e4c9087458029e5cca812] [mode=ORDER] [err=-]: 🔄 [OrderMode] starting order loop
[2025-07-18T19:53:44Z] ERROR bot [inst=DOGE-USDT-SWAP] [sess=ab961dc9f03e4c9087458029e5cca812] [mode=REST] [err=50113]: API error code=50113 response={'msg': 'Invalid Sign', 'code': '50113'}
[2025-07-18T19:53:44Z] ERROR bot [inst=DOGE-USDT-SWAP] [sess=ab961dc9f03e4c9087458029e5cca812] [mode=ORDER] [err=-]: ❌ [OrderMode] place error: API error 50113
[2025-07-18T19:53:44Z] ERROR bot [inst=DOGE-USDT-SWAP] [sess=ab961dc9f03e4c9087458029e5cca812] [mode=REST] [err=50113]: API error code=50113 response={'msg': 'Invalid Sign', 'code': '50113'}
[2025-07-18T19:53:45Z] DEBUG bot [inst=DOGE-USDT-SWAP] [sess=ab961dc9f03e4c9087458029e5cca812] [mode=-] [err=-]: 🔄 [TPSL] initial sync pass
[2025-07-18T19:53:48Z] INFO bot [inst=DOGE-USDT-SWAP] [sess=ab961dc9f03e4c9087458029e5cca812] [mode=SHUTDOWN] [err=-]: Shutdown initiated
[2025-07-18T19:53:48Z] INFO bot [inst=DOGE-USDT-SWAP] [sess=ab961dc9f03e4c9087458029e5cca812] [mode=-] [err=-]: ⏹️ [TPSL] Monitor stopping
[2025-07-18T19:58:06Z] INFO bot [inst=DOGE-USDT-SWAP] [sess=ba23a8e0d9d34289bc865eade68bc4da] [mode=START] [err=-]: ⏲️ Time offset set to 184 ms
[2025-07-18T19:58:06Z] INFO bot [inst=DOGE-USDT-SWAP] [sess=ba23a8e0d9d34289bc865eade68bc4da] [mode=START] [err=-]: 📈 Initial snapshot fetched
[2025-07-18T19:58:06Z] INFO bot [inst=DOGE-USDT-SWAP] [sess=ba23a8e0d9d34289bc865eade68bc4da] [mode=-] [err=-]: ▶️ [TPSL] Monitor starting
[2025-07-18T19:58:06Z] INFO bot [inst=DOGE-USDT-SWAP] [sess=ba23a8e0d9d34289bc865eade68bc4da] [mode=START] [err=-]: Orchestrator started
[2025-07-18T19:58:08Z] INFO bot [inst=DOGE-USDT-SWAP] [sess=ba23a8e0d9d34289bc865eade68bc4da] [mode=WS] [err=-]: ✅ [WS] login successful
[2025-07-18T19:58:08Z] INFO bot [inst=DOGE-USDT-SWAP] [sess=ba23a8e0d9d34289bc865eade68bc4da] [mode=WS] [err=-]: ✅ [WS] subscribed to orders
[2025-07-18T19:58:08Z] INFO bot [inst=DOGE-USDT-SWAP] [sess=ba23a8e0d9d34289bc865eade68bc4da] [mode=WS] [err=-]: ✅ [WS] subscribed to positions
[2025-07-18T19:58:10Z] INFO bot [inst=DOGE-USDT-SWAP] [sess=ba23a8e0d9d34289bc865eade68bc4da] [mode=ORDER] [err=-]: → ORDER mode
[2025-07-18T19:58:10Z] INFO bot [inst=DOGE-USDT-SWAP] [sess=ba23a8e0d9d34289bc865eade68bc4da] [mode=ORDER] [err=-]: 🔄 [OrderMode] starting order loop
[2025-07-18T19:58:11Z] INFO bot [inst=DOGE-USDT-SWAP] [sess=ba23a8e0d9d34289bc865eade68bc4da] [mode=ORDER] [err=-]: 🎯 [OrderMode] placed FOK: BUY 2696645262350536704@0.233766, SELL 2696645263222951936@0.234234
[2025-07-18T19:58:11Z] DEBUG bot [inst=DOGE-USDT-SWAP] [sess=ba23a8e0d9d34289bc865eade68bc4da] [mode=-] [err=-]: 🔄 [TPSL] initial sync pass
[2025-07-18T19:58:21Z] INFO bot [inst=DOGE-USDT-SWAP] [sess=ba23a8e0d9d34289bc865eade68bc4da] [mode=ORDER] [err=-]: 🕐 [OrderMode] no fill after 10.0s, retry
[2025-07-18T19:58:21Z] INFO bot [inst=DOGE-USDT-SWAP] [sess=ba23a8e0d9d34289bc865eade68bc4da] [mode=ORDER] [err=-]: 🛑 [OrderMode] cancelled 2696645262350536704
[2025-07-18T19:58:22Z] INFO bot [inst=DOGE-USDT-SWAP] [sess=ba23a8e0d9d34289bc865eade68bc4da] [mode=ORDER] [err=-]: 🛑 [OrderMode] cancelled 2696645263222951936
[2025-07-18T19:58:22Z] INFO bot [inst=DOGE-USDT-SWAP] [sess=ba23a8e0d9d34289bc865eade68bc4da] [mode=ORDER] [err=-]: 🔄 [OrderMode] starting order loop
[2025-07-18T19:58:23Z] INFO bot [inst=DOGE-USDT-SWAP] [sess=ba23a8e0d9d34289bc865eade68bc4da] [mode=ORDER] [err=-]: 🎯 [OrderMode] placed FOK: BUY 2696645661547614208@0.23379098, SELL 2696645662856237056@0.23425902
[2025-07-18T19:58:33Z] INFO bot [inst=DOGE-USDT-SWAP] [sess=ba23a8e0d9d34289bc865eade68bc4da] [mode=ORDER] [err=-]: 🕐 [OrderMode] no fill after 10.0s, retry
[2025-07-18T19:58:33Z] INFO bot [inst=DOGE-USDT-SWAP] [sess=ba23a8e0d9d34289bc865eade68bc4da] [mode=ORDER] [err=-]: 🛑 [OrderMode] cancelled 2696645661547614208
[2025-07-18T19:58:34Z] INFO bot [inst=DOGE-USDT-SWAP] [sess=ba23a8e0d9d34289bc865eade68bc4da] [mode=ORDER] [err=-]: 🛑 [OrderMode] cancelled 2696645662856237056
[2025-07-18T19:58:34Z] INFO bot [inst=DOGE-USDT-SWAP] [sess=ba23a8e0d9d34289bc865eade68bc4da] [mode=ORDER] [err=-]: 🔄 [OrderMode] starting order loop
[2025-07-18T19:58:35Z] INFO bot [inst=DOGE-USDT-SWAP] [sess=ba23a8e0d9d34289bc865eade68bc4da] [mode=ORDER] [err=-]: 🎯 [OrderMode] placed FOK: BUY 2696646062422413312@0.23359118, SELL 2696646062355304448@0.23405882
[2025-07-18T19:58:35Z] INFO bot [inst=DOGE-USDT-SWAP] [sess=ba23a8e0d9d34289bc865eade68bc4da] [mode=FILL] [err=-]: ⚡ [FILL] DOGE-USDT-SWAP: BUY/long closed size=0.01@0.2313
[2025-07-18T19:58:35Z] INFO bot [inst=DOGE-USDT-SWAP] [sess=ba23a8e0d9d34289bc865eade68bc4da] [mode=HEDGE] [err=-]: → HEDGE mode
[2025-07-18T19:58:35Z] INFO bot [inst=DOGE-USDT-SWAP] [sess=ba23a8e0d9d34289bc865eade68bc4da] [mode=HEDGE] [err=-]: ▶️ [HEDGE] run start: WS pos (L,S)=(0.0500,0.0000)
[2025-07-18T19:58:35Z] INFO bot [inst=DOGE-USDT-SWAP] [sess=ba23a8e0d9d34289bc865eade68bc4da] [mode=HEDGE] [err=-]: 🔍 [HEDGE] initial position detected: 0.0500
[2025-07-18T19:58:35Z] INFO bot [inst=DOGE-USDT-SWAP] [sess=ba23a8e0d9d34289bc865eade68bc4da] [mode=HEDGE] [err=-]: 🔧 [HEDGE] placing market hedge: side=sell, size=0.1000
[2025-07-18T19:58:35Z] INFO bot [inst=DOGE-USDT-SWAP] [sess=ba23a8e0d9d34289bc865eade68bc4da] [mode=FILL] [err=-]: ⚡ [FILL] DOGE-USDT-SWAP: SELL/short closed size=0.08@0.23305
[2025-07-18T19:58:35Z] INFO bot [inst=DOGE-USDT-SWAP] [sess=ba23a8e0d9d34289bc865eade68bc4da] [mode=HEDGE] [err=-]: 🎯 [HEDGE] placed hedge ordId=2696646076649492480
[2025-07-18T19:58:35Z] DEBUG bot [inst=DOGE-USDT-SWAP] [sess=ba23a8e0d9d34289bc865eade68bc4da] [mode=HEDGE] [err=-]: [HEDGE] waiting for fill up to +5.0s
[2025-07-18T19:58:35Z] INFO bot [inst=DOGE-USDT-SWAP] [sess=ba23a8e0d9d34289bc865eade68bc4da] [mode=ORDER] [err=-]: 🛑 [OrderMode] cancelled 2696646062355304448
[2025-07-18T19:58:36Z] INFO bot [inst=DOGE-USDT-SWAP] [sess=ba23a8e0d9d34289bc865eade68bc4da] [mode=ORDER] [err=-]: ✅ [OrderMode] filled 2696646062422413312, switching to HEDGE
[2025-07-18T19:58:36Z] DEBUG bot [inst=DOGE-USDT-SWAP] [sess=ba23a8e0d9d34289bc865eade68bc4da] [mode=HEDGE] [err=-]: [HEDGE] WS(L,S)=(0.0500,0.1000), REST(L,S)=(0.0500,0.1000)
[2025-07-18T19:58:36Z] INFO bot [inst=DOGE-USDT-SWAP] [sess=ba23a8e0d9d34289bc865eade68bc4da] [mode=HEDGE] [err=-]: ✅ [HEDGE] hedge confirmed
[2025-07-18T19:58:36Z] INFO bot [inst=DOGE-USDT-SWAP] [sess=ba23a8e0d9d34289bc865eade68bc4da] [mode=HEDGE] [err=-]: → HEDGE.run() done, handing off to TPSL
[2025-07-18T19:58:37Z] INFO bot [inst=DOGE-USDT-SWAP] [sess=ba23a8e0d9d34289bc865eade68bc4da] [mode=TPSL] [err=-]: → TPSL mode
[2025-07-18T19:58:38Z] INFO bot [inst=DOGE-USDT-SWAP] [sess=ba23a8e0d9d34289bc865eade68bc4da] [mode=-] [err=-]: 🛠️ [TPSL] mismatch detected → reinstall all algos
[2025-07-18T19:58:38Z] DEBUG bot [inst=DOGE-USDT-SWAP] [sess=ba23a8e0d9d34289bc865eade68bc4da] [mode=-] [err=-]: 🔄 [TPSL] reinstall_all → init(long)=0.05@0.23127, hedge(short)=0.1@0.23305, tp_init=0.2335827, tp_hedge=0.23352279
[2025-07-18T19:58:39Z] DEBUG bot [inst=DOGE-USDT-SWAP] [sess=ba23a8e0d9d34289bc865eade68bc4da] [mode=-] [err=-]: ⏳ [TPSL] placing OCO(init): {'instId': 'DOGE-USDT-SWAP', 'instType': 'SWAP', 'tdMode': 'cross', 'ordType': 'oco', 'posSide': 'long', 'side': 'sell', 'algoClOrdId': 'LDOGEUSDTSWAP', 'tpTriggerPx': '0.2335827', 'tpOrdPx': '-1', 'slTriggerPx': '0.23352279', 'slOrdPx': '-1', 'closeFraction': 1, 'reduceOnly': True}
[2025-07-18T19:58:39Z] INFO bot [inst=DOGE-USDT-SWAP] [sess=ba23a8e0d9d34289bc865eade68bc4da] [mode=-] [err=-]: 🎯 [TPSL] placed OCO(LDOGEUSDTSWAP) @ 0.2335827
[2025-07-18T19:58:39Z] DEBUG bot [inst=DOGE-USDT-SWAP] [sess=ba23a8e0d9d34289bc865eade68bc4da] [mode=-] [err=-]: ⏳ [TPSL] placing Conditional(hedge): {'instId': 'DOGE-USDT-SWAP', 'instType': 'SWAP', 'tdMode': 'cross', 'ordType': 'conditional', 'posSide': 'short', 'side': 'buy', 'algoClOrdId': 'SDOGEUSDTSWAP', 'tpTriggerPx': '0.23352279', 'tpOrdPx': '-1', 'closeFraction': 1, 'reduceOnly': True}
[2025-07-18T19:58:40Z] INFO bot [inst=DOGE-USDT-SWAP] [sess=ba23a8e0d9d34289bc865eade68bc4da] [mode=-] [err=-]: 🎯 [TPSL] placed Conditional(SDOGEUSDTSWAP) @ 0.23352279
[2025-07-18T19:58:48Z] INFO bot [inst=DOGE-USDT-SWAP] [sess=ba23a8e0d9d34289bc865eade68bc4da] [mode=FILL] [err=-]: ⚡ [FILL] DOGE-USDT-SWAP: SELL/long closed size=0.05@0.2336
[2025-07-18T19:58:49Z] INFO bot [inst=DOGE-USDT-SWAP] [sess=ba23a8e0d9d34289bc865eade68bc4da] [mode=REHEDGE] [err=-]: → TPSL → RE-HEDGE mode
[2025-07-18T19:58:49Z] INFO bot [inst=DOGE-USDT-SWAP] [sess=ba23a8e0d9d34289bc865eade68bc4da] [mode=HEDGE] [err=-]: ▶️ [HEDGE] run start: WS pos (L,S)=(0.0000,0.1000)
[2025-07-18T19:58:49Z] INFO bot [inst=DOGE-USDT-SWAP] [sess=ba23a8e0d9d34289bc865eade68bc4da] [mode=HEDGE] [err=-]: 🔍 [HEDGE] initial position detected: -0.1000
[2025-07-18T19:58:49Z] INFO bot [inst=DOGE-USDT-SWAP] [sess=ba23a8e0d9d34289bc865eade68bc4da] [mode=HEDGE] [err=-]: 🔧 [HEDGE] placing market hedge: side=buy, size=0.2000
[2025-07-18T19:58:49Z] INFO bot [inst=DOGE-USDT-SWAP] [sess=ba23a8e0d9d34289bc865eade68bc4da] [mode=HEDGE] [err=-]: 🎯 [HEDGE] placed hedge ordId=2696646540271079424
[2025-07-18T19:58:49Z] DEBUG bot [inst=DOGE-USDT-SWAP] [sess=ba23a8e0d9d34289bc865eade68bc4da] [mode=HEDGE] [err=-]: [HEDGE] waiting for fill up to +5.0s
[2025-07-18T19:58:49Z] INFO bot [inst=DOGE-USDT-SWAP] [sess=ba23a8e0d9d34289bc865eade68bc4da] [mode=FILL] [err=-]: ⚡ [FILL] DOGE-USDT-SWAP: BUY/long closed size=0.05@0.23365
[2025-07-18T19:58:50Z] DEBUG bot [inst=DOGE-USDT-SWAP] [sess=ba23a8e0d9d34289bc865eade68bc4da] [mode=HEDGE] [err=-]: [HEDGE] WS(L,S)=(0.2000,0.1000), REST(L,S)=(0.2000,0.1000)
[2025-07-18T19:58:50Z] INFO bot [inst=DOGE-USDT-SWAP] [sess=ba23a8e0d9d34289bc865eade68bc4da] [mode=HEDGE] [err=-]: ✅ [HEDGE] hedge confirmed
[2025-07-18T19:58:50Z] INFO bot [inst=DOGE-USDT-SWAP] [sess=ba23a8e0d9d34289bc865eade68bc4da] [mode=HEDGE] [err=-]: → HEDGE.run() done, handing off to TPSL
[2025-07-18T19:58:51Z] INFO bot [inst=DOGE-USDT-SWAP] [sess=ba23a8e0d9d34289bc865eade68bc4da] [mode=TPSL] [err=-]: → TPSL mode
[2025-07-18T19:58:51Z] INFO bot [inst=DOGE-USDT-SWAP] [sess=ba23a8e0d9d34289bc865eade68bc4da] [mode=-] [err=-]: 🛠️ [TPSL] mismatch detected → reinstall all algos
[2025-07-18T19:58:51Z] DEBUG bot [inst=DOGE-USDT-SWAP] [sess=ba23a8e0d9d34289bc865eade68bc4da] [mode=-] [err=-]: 🔄 [TPSL] reinstall_all → init(short)=0.1@0.23305, hedge(long)=0.2@0.23365, tp_init=0.2307195, tp_hedge=0.23533055
[2025-07-18T19:58:52Z] INFO bot [inst=DOGE-USDT-SWAP] [sess=ba23a8e0d9d34289bc865eade68bc4da] [mode=-] [err=-]: 🧹 [TPSL] cancelled algos: [{'instId': 'DOGE-USDT-SWAP', 'algoId': '2696646231580123136'}]
[2025-07-18T19:58:52Z] DEBUG bot [inst=DOGE-USDT-SWAP] [sess=ba23a8e0d9d34289bc865eade68bc4da] [mode=-] [err=-]: ⏳ [TPSL] placing OCO(init): {'instId': 'DOGE-USDT-SWAP', 'instType': 'SWAP', 'tdMode': 'cross', 'ordType': 'oco', 'posSide': 'short', 'side': 'buy', 'algoClOrdId': 'SDOGEUSDTSWAP', 'tpTriggerPx': '0.2307195', 'tpOrdPx': '-1', 'slTriggerPx': '0.23533055', 'slOrdPx': '-1', 'closeFraction': 1, 'reduceOnly': True}
[2025-07-18T19:58:52Z] INFO bot [inst=DOGE-USDT-SWAP] [sess=ba23a8e0d9d34289bc865eade68bc4da] [mode=-] [err=-]: 🎯 [TPSL] placed OCO(SDOGEUSDTSWAP) @ 0.2307195
[2025-07-18T19:58:52Z] DEBUG bot [inst=DOGE-USDT-SWAP] [sess=ba23a8e0d9d34289bc865eade68bc4da] [mode=-] [err=-]: ⏳ [TPSL] placing Conditional(hedge): {'instId': 'DOGE-USDT-SWAP', 'instType': 'SWAP', 'tdMode': 'cross', 'ordType': 'conditional', 'posSide': 'long', 'side': 'sell', 'algoClOrdId': 'LDOGEUSDTSWAP', 'tpTriggerPx': '0.23533055', 'tpOrdPx': '-1', 'closeFraction': 1, 'reduceOnly': True}
[2025-07-18T19:58:53Z] INFO bot [inst=DOGE-USDT-SWAP] [sess=ba23a8e0d9d34289bc865eade68bc4da] [mode=-] [err=-]: 🎯 [TPSL] placed Conditional(LDOGEUSDTSWAP) @ 0.23533055
[2025-07-18T19:58:58Z] INFO bot [inst=DOGE-USDT-SWAP] [sess=ba23a8e0d9d34289bc865eade68bc4da] [mode=FILL] [err=-]: ⚡ [FILL] DOGE-USDT-SWAP: BUY/short closed size=0.1@0.2307
[2025-07-18T19:58:58Z] INFO bot [inst=DOGE-USDT-SWAP] [sess=ba23a8e0d9d34289bc865eade68bc4da] [mode=REHEDGE] [err=-]: → TPSL → RE-HEDGE mode
[2025-07-18T19:58:58Z] INFO bot [inst=DOGE-USDT-SWAP] [sess=ba23a8e0d9d34289bc865eade68bc4da] [mode=HEDGE] [err=-]: ▶️ [HEDGE] run start: WS pos (L,S)=(0.2000,0.0000)
[2025-07-18T19:58:58Z] INFO bot [inst=DOGE-USDT-SWAP] [sess=ba23a8e0d9d34289bc865eade68bc4da] [mode=HEDGE] [err=-]: 🔍 [HEDGE] initial position detected: 0.2000
[2025-07-18T19:58:58Z] INFO bot [inst=DOGE-USDT-SWAP] [sess=ba23a8e0d9d34289bc865eade68bc4da] [mode=HEDGE] [err=-]: 🔧 [HEDGE] placing market hedge: side=sell, size=0.4000
[2025-07-18T19:58:59Z] ERROR bot [inst=DOGE-USDT-SWAP] [sess=ba23a8e0d9d34289bc865eade68bc4da] [mode=-] [err=-]: ❌ [TPSL] loop error: float division by zero
Traceback (most recent call last):
  File "d:\Develop\Python\trade_bot\11.8.3\tpsl_monitor.py", line 112, in _loop
    abs(current.get(cid_init, 0)  - tp_init)  / tp_init  > self.threshold
    ~~~~~~~~~~~~~~~~~~~~~~~~~~~~~~~~~~~~~~~~~~^~~~~~~~~
ZeroDivisionError: float division by zero
[2025-07-18T19:58:59Z] INFO bot [inst=DOGE-USDT-SWAP] [sess=ba23a8e0d9d34289bc865eade68bc4da] [mode=HEDGE] [err=-]: 🎯 [HEDGE] placed hedge ordId=2696646877459566592
[2025-07-18T19:58:59Z] DEBUG bot [inst=DOGE-USDT-SWAP] [sess=ba23a8e0d9d34289bc865eade68bc4da] [mode=HEDGE] [err=-]: [HEDGE] waiting for fill up to +5.0s
[2025-07-18T19:58:59Z] INFO bot [inst=DOGE-USDT-SWAP] [sess=ba23a8e0d9d34289bc865eade68bc4da] [mode=FILL] [err=-]: ⚡ [FILL] DOGE-USDT-SWAP: SELL/short closed size=0.4@0.23115
[2025-07-18T19:59:00Z] DEBUG bot [inst=DOGE-USDT-SWAP] [sess=ba23a8e0d9d34289bc865eade68bc4da] [mode=HEDGE] [err=-]: [HEDGE] WS(L,S)=(0.2000,0.4000), REST(L,S)=(0.2000,0.4000)
[2025-07-18T19:59:00Z] INFO bot [inst=DOGE-USDT-SWAP] [sess=ba23a8e0d9d34289bc865eade68bc4da] [mode=HEDGE] [err=-]: ✅ [HEDGE] hedge confirmed
[2025-07-18T19:59:00Z] INFO bot [inst=DOGE-USDT-SWAP] [sess=ba23a8e0d9d34289bc865eade68bc4da] [mode=HEDGE] [err=-]: → HEDGE.run() done, handing off to TPSL
[2025-07-18T19:59:01Z] INFO bot [inst=DOGE-USDT-SWAP] [sess=ba23a8e0d9d34289bc865eade68bc4da] [mode=TPSL] [err=-]: → TPSL mode
[2025-07-18T19:59:04Z] INFO bot [inst=DOGE-USDT-SWAP] [sess=ba23a8e0d9d34289bc865eade68bc4da] [mode=-] [err=-]: 🛠️ [TPSL] mismatch detected → reinstall all algos
[2025-07-18T19:59:04Z] DEBUG bot [inst=DOGE-USDT-SWAP] [sess=ba23a8e0d9d34289bc865eade68bc4da] [mode=-] [err=-]: 🔄 [TPSL] reinstall_all → init(long)=0.2@0.23365, hedge(short)=0.4@0.23115, tp_init=0.2359865, tp_hedge=0.22770734
[2025-07-18T19:59:05Z] INFO bot [inst=DOGE-USDT-SWAP] [sess=ba23a8e0d9d34289bc865eade68bc4da] [mode=-] [err=-]: 🧹 [TPSL] cancelled algos: [{'instId': 'DOGE-USDT-SWAP', 'algoId': '2696646671713607680'}]
[2025-07-18T19:59:05Z] DEBUG bot [inst=DOGE-USDT-SWAP] [sess=ba23a8e0d9d34289bc865eade68bc4da] [mode=-] [err=-]: ⏳ [TPSL] placing OCO(init): {'instId': 'DOGE-USDT-SWAP', 'instType': 'SWAP', 'tdMode': 'cross', 'ordType': 'oco', 'posSide': 'long', 'side': 'sell', 'algoClOrdId': 'LDOGEUSDTSWAP', 'tpTriggerPx': '0.2359865', 'tpOrdPx': '-1', 'slTriggerPx': '0.22770734', 'slOrdPx': '-1', 'closeFraction': 1, 'reduceOnly': True}
[2025-07-18T19:59:06Z] INFO bot [inst=DOGE-USDT-SWAP] [sess=ba23a8e0d9d34289bc865eade68bc4da] [mode=-] [err=-]: 🎯 [TPSL] placed OCO(LDOGEUSDTSWAP) @ 0.2359865
[2025-07-18T19:59:06Z] DEBUG bot [inst=DOGE-USDT-SWAP] [sess=ba23a8e0d9d34289bc865eade68bc4da] [mode=-] [err=-]: ⏳ [TPSL] placing Conditional(hedge): {'instId': 'DOGE-USDT-SWAP', 'instType': 'SWAP', 'tdMode': 'cross', 'ordType': 'conditional', 'posSide': 'short', 'side': 'buy', 'algoClOrdId': 'SDOGEUSDTSWAP', 'tpTriggerPx': '0.22770734', 'tpOrdPx': '-1', 'closeFraction': 1, 'reduceOnly': True}
[2025-07-18T19:59:06Z] INFO bot [inst=DOGE-USDT-SWAP] [sess=ba23a8e0d9d34289bc865eade68bc4da] [mode=-] [err=-]: 🎯 [TPSL] placed Conditional(SDOGEUSDTSWAP) @ 0.22770734
[2025-07-18T20:01:07Z] INFO bot [inst=DOGE-USDT-SWAP] [sess=ba23a8e0d9d34289bc865eade68bc4da] [mode=FILL] [err=-]: ⚡ [FILL] DOGE-USDT-SWAP: SELL/long closed size=0.13@0.236
[2025-07-18T20:01:07Z] INFO bot [inst=DOGE-USDT-SWAP] [sess=ba23a8e0d9d34289bc865eade68bc4da] [mode=-] [err=-]: 🛠️ [TPSL] mismatch detected → reinstall all algos
[2025-07-18T20:01:07Z] DEBUG bot [inst=DOGE-USDT-SWAP] [sess=ba23a8e0d9d34289bc865eade68bc4da] [mode=-] [err=-]: 🔄 [TPSL] reinstall_all → init(long)=0.2@0.23365, hedge(short)=0.4@0.23115, tp_init=0.2359865, tp_hedge=0.22770734
[2025-07-18T20:01:07Z] INFO bot [inst=DOGE-USDT-SWAP] [sess=ba23a8e0d9d34289bc865eade68bc4da] [mode=REHEDGE] [err=-]: → TPSL → RE-HEDGE mode
[2025-07-18T20:01:07Z] INFO bot [inst=DOGE-USDT-SWAP] [sess=ba23a8e0d9d34289bc865eade68bc4da] [mode=HEDGE] [err=-]: ▶️ [HEDGE] run start: WS pos (L,S)=(0.0000,0.4000)
[2025-07-18T20:01:07Z] INFO bot [inst=DOGE-USDT-SWAP] [sess=ba23a8e0d9d34289bc865eade68bc4da] [mode=HEDGE] [err=-]: 🔍 [HEDGE] initial position detected: -0.4000
[2025-07-18T20:01:07Z] INFO bot [inst=DOGE-USDT-SWAP] [sess=ba23a8e0d9d34289bc865eade68bc4da] [mode=HEDGE] [err=-]: 🔧 [HEDGE] placing market hedge: side=buy, size=0.8000
[2025-07-18T20:01:08Z] INFO bot [inst=DOGE-USDT-SWAP] [sess=ba23a8e0d9d34289bc865eade68bc4da] [mode=-] [err=-]: 🧹 [TPSL] cancelled algos: [{'instId': 'DOGE-USDT-SWAP', 'algoId': '2696647117048029184'}]
[2025-07-18T20:01:08Z] DEBUG bot [inst=DOGE-USDT-SWAP] [sess=ba23a8e0d9d34289bc865eade68bc4da] [mode=-] [err=-]: ⏳ [TPSL] placing OCO(init): {'instId': 'DOGE-USDT-SWAP', 'instType': 'SWAP', 'tdMode': 'cross', 'ordType': 'oco', 'posSide': 'long', 'side': 'sell', 'algoClOrdId': 'LDOGEUSDTSWAP', 'tpTriggerPx': '0.2359865', 'tpOrdPx': '-1', 'slTriggerPx': '0.22770734', 'slOrdPx': '-1', 'closeFraction': 1, 'reduceOnly': True}
[2025-07-18T20:01:08Z] INFO bot [inst=DOGE-USDT-SWAP] [sess=ba23a8e0d9d34289bc865eade68bc4da] [mode=HEDGE] [err=-]: 🎯 [HEDGE] placed hedge ordId=2696651208095223808
[2025-07-18T20:01:08Z] DEBUG bot [inst=DOGE-USDT-SWAP] [sess=ba23a8e0d9d34289bc865eade68bc4da] [mode=HEDGE] [err=-]: [HEDGE] waiting for fill up to +5.0s
[2025-07-18T20:01:08Z] INFO bot [inst=DOGE-USDT-SWAP] [sess=ba23a8e0d9d34289bc865eade68bc4da] [mode=FILL] [err=-]: ⚡ [FILL] DOGE-USDT-SWAP: BUY/long closed size=0.8@0.23665
[2025-07-18T20:01:08Z] ERROR bot [inst=DOGE-USDT-SWAP] [sess=ba23a8e0d9d34289bc865eade68bc4da] [mode=REST] [err=1]: API error code=1 response={'code': '1', 'data': [{'algoClOrdId': '', 'algoId': '', 'clOrdId': '', 'sCode': '51279', 'sMsg': 'TP trigger price cannot be lower than the last price ', 'tag': ''}], 'msg': ''}
[2025-07-18T20:01:08Z] ERROR bot [inst=DOGE-USDT-SWAP] [sess=ba23a8e0d9d34289bc865eade68bc4da] [mode=-] [err=-]: ❌ [TPSL] OCO(init) failed for LDOGEUSDTSWAP: API error 1
[2025-07-18T20:01:08Z] DEBUG bot [inst=DOGE-USDT-SWAP] [sess=ba23a8e0d9d34289bc865eade68bc4da] [mode=-] [err=-]: ⏳ [TPSL] placing Conditional(hedge): {'instId': 'DOGE-USDT-SWAP', 'instType': 'SWAP', 'tdMode': 'cross', 'ordType': 'conditional', 'posSide': 'short', 'side': 'buy', 'algoClOrdId': 'SDOGEUSDTSWAP', 'tpTriggerPx': '0.22770734', 'tpOrdPx': '-1', 'closeFraction': 1, 'reduceOnly': True}
[2025-07-18T20:01:08Z] INFO bot [inst=DOGE-USDT-SWAP] [sess=ba23a8e0d9d34289bc865eade68bc4da] [mode=-] [err=-]: 🎯 [TPSL] placed Conditional(SDOGEUSDTSWAP) @ 0.22770734
[2025-07-18T20:01:09Z] DEBUG bot [inst=DOGE-USDT-SWAP] [sess=ba23a8e0d9d34289bc865eade68bc4da] [mode=HEDGE] [err=-]: [HEDGE] WS(L,S)=(0.8000,0.4000), REST(L,S)=(0.8000,0.4000)
[2025-07-18T20:01:09Z] INFO bot [inst=DOGE-USDT-SWAP] [sess=ba23a8e0d9d34289bc865eade68bc4da] [mode=HEDGE] [err=-]: ✅ [HEDGE] hedge confirmed
[2025-07-18T20:01:09Z] INFO bot [inst=DOGE-USDT-SWAP] [sess=ba23a8e0d9d34289bc865eade68bc4da] [mode=HEDGE] [err=-]: → HEDGE.run() done, handing off to TPSL
[2025-07-18T20:01:10Z] INFO bot [inst=DOGE-USDT-SWAP] [sess=ba23a8e0d9d34289bc865eade68bc4da] [mode=TPSL] [err=-]: → TPSL mode
[2025-07-18T20:01:14Z] INFO bot [inst=DOGE-USDT-SWAP] [sess=ba23a8e0d9d34289bc865eade68bc4da] [mode=-] [err=-]: 🛠️ [TPSL] mismatch detected → reinstall all algos
[2025-07-18T20:01:14Z] DEBUG bot [inst=DOGE-USDT-SWAP] [sess=ba23a8e0d9d34289bc865eade68bc4da] [mode=-] [err=-]: 🔄 [TPSL] reinstall_all → init(short)=0.4@0.23115, hedge(long)=0.8@0.23665, tp_init=0.2288385, tp_hedge=0.24307243
[2025-07-18T20:01:15Z] INFO bot [inst=DOGE-USDT-SWAP] [sess=ba23a8e0d9d34289bc865eade68bc4da] [mode=-] [err=-]: 🧹 [TPSL] cancelled algos: [{'instId': 'DOGE-USDT-SWAP', 'algoId': '2696651223472971776'}]
[2025-07-18T20:01:15Z] DEBUG bot [inst=DOGE-USDT-SWAP] [sess=ba23a8e0d9d34289bc865eade68bc4da] [mode=-] [err=-]: ⏳ [TPSL] placing OCO(init): {'instId': 'DOGE-USDT-SWAP', 'instType': 'SWAP', 'tdMode': 'cross', 'ordType': 'oco', 'posSide': 'short', 'side': 'buy', 'algoClOrdId': 'SDOGEUSDTSWAP', 'tpTriggerPx': '0.2288385', 'tpOrdPx': '-1', 'slTriggerPx': '0.24307243', 'slOrdPx': '-1', 'closeFraction': 1, 'reduceOnly': True}
[2025-07-18T20:01:15Z] INFO bot [inst=DOGE-USDT-SWAP] [sess=ba23a8e0d9d34289bc865eade68bc4da] [mode=-] [err=-]: 🎯 [TPSL] placed OCO(SDOGEUSDTSWAP) @ 0.2288385
[2025-07-18T20:01:15Z] DEBUG bot [inst=DOGE-USDT-SWAP] [sess=ba23a8e0d9d34289bc865eade68bc4da] [mode=-] [err=-]: ⏳ [TPSL] placing Conditional(hedge): {'instId': 'DOGE-USDT-SWAP', 'instType': 'SWAP', 'tdMode': 'cross', 'ordType': 'conditional', 'posSide': 'long', 'side': 'sell', 'algoClOrdId': 'LDOGEUSDTSWAP', 'tpTriggerPx': '0.24307243', 'tpOrdPx': '-1', 'closeFraction': 1, 'reduceOnly': True}
[2025-07-18T20:01:16Z] INFO bot [inst=DOGE-USDT-SWAP] [sess=ba23a8e0d9d34289bc865eade68bc4da] [mode=-] [err=-]: 🎯 [TPSL] placed Conditional(LDOGEUSDTSWAP) @ 0.24307243
[2025-07-18T20:22:15Z] ERROR bot [inst=DOGE-USDT-SWAP] [sess=ba23a8e0d9d34289bc865eade68bc4da] [mode=REST] [err=-]: Timeout GET https://www.okx.com/api/v5/account/positions
Traceback (most recent call last):
  File "C:\Users\Professional\AppData\Local\Programs\Python\Python312\Lib\site-packages\aiohttp\client_reqrep.py", line 1059, in start
    message, payload = await protocol.read()  # type: ignore[union-attr]
                       ^^^^^^^^^^^^^^^^^^^^^
  File "C:\Users\Professional\AppData\Local\Programs\Python\Python312\Lib\site-packages\aiohttp\streams.py", line 644, in read
    await self._waiter
asyncio.exceptions.CancelledError

The above exception was the direct cause of the following exception:

Traceback (most recent call last):
  File "d:\Develop\Python\trade_bot\11.8.3\rest_client.py", line 138, in request
    async with self.session.request(
  File "C:\Users\Professional\AppData\Local\Programs\Python\Python312\Lib\site-packages\aiohttp\client.py", line 1360, in __aenter__
    self._resp: _RetType = await self._coro
                           ^^^^^^^^^^^^^^^^
  File "C:\Users\Professional\AppData\Local\Programs\Python\Python312\Lib\site-packages\aiohttp\client.py", line 690, in _request
    await resp.start(conn)
  File "C:\Users\Professional\AppData\Local\Programs\Python\Python312\Lib\site-packages\aiohttp\client_reqrep.py", line 1054, in start
    with self._timer:
  File "C:\Users\Professional\AppData\Local\Programs\Python\Python312\Lib\site-packages\aiohttp\helpers.py", line 749, in __exit__
    raise asyncio.TimeoutError from exc_val
TimeoutError
[2025-07-18T20:22:15Z] ERROR bot [inst=DOGE-USDT-SWAP] [sess=ba23a8e0d9d34289bc865eade68bc4da] [mode=-] [err=-]: ❌ [TPSL] loop error: 
Traceback (most recent call last):
  File "C:\Users\Professional\AppData\Local\Programs\Python\Python312\Lib\site-packages\aiohttp\client_reqrep.py", line 1059, in start
    message, payload = await protocol.read()  # type: ignore[union-attr]
                       ^^^^^^^^^^^^^^^^^^^^^
  File "C:\Users\Professional\AppData\Local\Programs\Python\Python312\Lib\site-packages\aiohttp\streams.py", line 644, in read
    await self._waiter
asyncio.exceptions.CancelledError

The above exception was the direct cause of the following exception:

Traceback (most recent call last):
  File "d:\Develop\Python\trade_bot\11.8.3\tpsl_monitor.py", line 80, in _loop
    lq, lp, sq, sp = await self._get_state()
                     ^^^^^^^^^^^^^^^^^^^^^^^
  File "d:\Develop\Python\trade_bot\11.8.3\tpsl_monitor.py", line 134, in _get_state
    resp = await self.rest.request(
           ^^^^^^^^^^^^^^^^^^^^^^^^
  File "d:\Develop\Python\trade_bot\11.8.3\rest_client.py", line 138, in request
    async with self.session.request(
  File "C:\Users\Professional\AppData\Local\Programs\Python\Python312\Lib\site-packages\aiohttp\client.py", line 1360, in __aenter__
    self._resp: _RetType = await self._coro
                           ^^^^^^^^^^^^^^^^
  File "C:\Users\Professional\AppData\Local\Programs\Python\Python312\Lib\site-packages\aiohttp\client.py", line 690, in _request
    await resp.start(conn)
  File "C:\Users\Professional\AppData\Local\Programs\Python\Python312\Lib\site-packages\aiohttp\client_reqrep.py", line 1054, in start
    with self._timer:
  File "C:\Users\Professional\AppData\Local\Programs\Python\Python312\Lib\site-packages\aiohttp\helpers.py", line 749, in __exit__
    raise asyncio.TimeoutError from exc_val
TimeoutError
[2025-07-18T20:22:18Z] WARNING bot [inst=DOGE-USDT-SWAP] [sess=ba23a8e0d9d34289bc865eade68bc4da] [mode=REST] [err=-]: Time sync failed: 
[2025-07-18T20:23:23Z] INFO bot [inst=DOGE-USDT-SWAP] [sess=ba23a8e0d9d34289bc865eade68bc4da] [mode=SHUTDOWN] [err=-]: Shutdown initiated
[2025-07-18T20:23:23Z] INFO bot [inst=DOGE-USDT-SWAP] [sess=ba23a8e0d9d34289bc865eade68bc4da] [mode=-] [err=-]: ⏹️ [TPSL] Monitor stopping
[2025-07-18T20:23:26Z] INFO bot [inst=DOGE-USDT-SWAP] [sess=5a5199baf4ac460896f8b772af67c899] [mode=START] [err=-]: ⏲️ Time offset set to 188 ms
[2025-07-18T20:23:26Z] INFO bot [inst=DOGE-USDT-SWAP] [sess=5a5199baf4ac460896f8b772af67c899] [mode=START] [err=-]: 📈 Initial snapshot fetched
[2025-07-18T20:23:26Z] INFO bot [inst=DOGE-USDT-SWAP] [sess=5a5199baf4ac460896f8b772af67c899] [mode=-] [err=-]: ▶️ [TPSL] Monitor starting
[2025-07-18T20:23:26Z] INFO bot [inst=DOGE-USDT-SWAP] [sess=5a5199baf4ac460896f8b772af67c899] [mode=START] [err=-]: Orchestrator started
[2025-07-18T20:23:27Z] INFO bot [inst=DOGE-USDT-SWAP] [sess=5a5199baf4ac460896f8b772af67c899] [mode=STARTUP] [err=-]: Startup detected TWO legs → enter TPSL mode
[2025-07-18T20:23:28Z] INFO bot [inst=DOGE-USDT-SWAP] [sess=5a5199baf4ac460896f8b772af67c899] [mode=WS] [err=-]: ✅ [WS] login successful
[2025-07-18T20:23:28Z] INFO bot [inst=DOGE-USDT-SWAP] [sess=5a5199baf4ac460896f8b772af67c899] [mode=WS] [err=-]: ✅ [WS] subscribed to orders
[2025-07-18T20:23:28Z] INFO bot [inst=DOGE-USDT-SWAP] [sess=5a5199baf4ac460896f8b772af67c899] [mode=WS] [err=-]: ✅ [WS] subscribed to positions
[2025-07-18T20:23:31Z] DEBUG bot [inst=DOGE-USDT-SWAP] [sess=5a5199baf4ac460896f8b772af67c899] [mode=-] [err=-]: 🔄 [TPSL] initial sync pass
[2025-07-18T20:27:57Z] INFO bot [inst=DOGE-USDT-SWAP] [sess=5a5199baf4ac460896f8b772af67c899] [mode=FILL] [err=-]: ⚡ [FILL] DOGE-USDT-SWAP: BUY/short closed size=0.15@0.22875
[2025-07-18T20:27:57Z] INFO bot [inst=DOGE-USDT-SWAP] [sess=5a5199baf4ac460896f8b772af67c899] [mode=REPREHEDGE] [err=-]: → TPSL → PRE-HEDGE RE mode
[2025-07-18T20:27:57Z] INFO bot [inst=DOGE-USDT-SWAP] [sess=5a5199baf4ac460896f8b772af67c899] [mode=-] [err=-]: 🛠️ [TPSL] mismatch detected → reinstall all algos
[2025-07-18T20:27:57Z] DEBUG bot [inst=DOGE-USDT-SWAP] [sess=5a5199baf4ac460896f8b772af67c899] [mode=-] [err=-]: 🔄 [TPSL] reinstall_all → init(short)=0.4@0.23115, hedge(long)=0.8@0.23665, tp_init=0.2288385, tp_hedge=0.24307243
[2025-07-18T20:27:58Z] INFO bot [inst=DOGE-USDT-SWAP] [sess=5a5199baf4ac460896f8b772af67c899] [mode=-] [err=-]: 🧹 [TPSL] cancelled algos: [{'instId': 'DOGE-USDT-SWAP', 'algoId': '2696651469192077312'}]
[2025-07-18T20:27:58Z] DEBUG bot [inst=DOGE-USDT-SWAP] [sess=5a5199baf4ac460896f8b772af67c899] [mode=-] [err=-]: ⏳ [TPSL] placing OCO(init): {'instId': 'DOGE-USDT-SWAP', 'instType': 'SWAP', 'tdMode': 'cross', 'ordType': 'oco', 'posSide': 'short', 'side': 'buy', 'algoClOrdId': 'SDOGEUSDTSWAP', 'tpTriggerPx': '0.2288385', 'tpOrdPx': '-1', 'slTriggerPx': '0.24307243', 'slOrdPx': '-1', 'closeFraction': 1, 'reduceOnly': True}
[2025-07-18T20:27:58Z] ERROR bot [inst=DOGE-USDT-SWAP] [sess=5a5199baf4ac460896f8b772af67c899] [mode=REST] [err=1]: API error code=1 response={'code': '1', 'data': [{'algoClOrdId': '', 'algoId': '', 'clOrdId': '', 'sCode': '51023', 'sMsg': "Position doesn't exist. ", 'tag': ''}], 'msg': ''}
[2025-07-18T20:27:58Z] ERROR bot [inst=DOGE-USDT-SWAP] [sess=5a5199baf4ac460896f8b772af67c899] [mode=-] [err=-]: ❌ [TPSL] OCO(init) failed for SDOGEUSDTSWAP: API error 1
[2025-07-18T20:27:58Z] DEBUG bot [inst=DOGE-USDT-SWAP] [sess=5a5199baf4ac460896f8b772af67c899] [mode=-] [err=-]: ⏳ [TPSL] placing Conditional(hedge): {'instId': 'DOGE-USDT-SWAP', 'instType': 'SWAP', 'tdMode': 'cross', 'ordType': 'conditional', 'posSide': 'long', 'side': 'sell', 'algoClOrdId': 'LDOGEUSDTSWAP', 'tpTriggerPx': '0.24307243', 'tpOrdPx': '-1', 'closeFraction': 1, 'reduceOnly': True}
[2025-07-18T20:27:58Z] INFO bot [inst=DOGE-USDT-SWAP] [sess=5a5199baf4ac460896f8b772af67c899] [mode=-] [err=-]: 🎯 [TPSL] placed Conditional(LDOGEUSDTSWAP) @ 0.24307243
[2025-07-18T20:28:00Z] DEBUG bot [inst=DOGE-USDT-SWAP] [sess=5a5199baf4ac460896f8b772af67c899] [mode=-] [err=-]: 🎯 [PreHEDGE] placing TP conditional: {'instId': 'DOGE-USDT-SWAP', 'instType': 'SWAP', 'tdMode': 'cross', 'ordType': 'conditional', 'posSide': 'long', 'side': 'sell', 'algoClOrdId': 'PLDOGEUSDTSWAP', 'tpTriggerPx': '0.2390165', 'tpOrdPx': '-1', 'closeFraction': 1, 'reduceOnly': True}
[2025-07-18T20:28:01Z] WARNING bot [inst=DOGE-USDT-SWAP] [sess=5a5199baf4ac460896f8b772af67c899] [mode=REST] [err=1]: [REST] swallow code=1, sCode=['51088'] on POST /api/v5/trade/order-algo
[2025-07-18T20:28:01Z] INFO bot [inst=DOGE-USDT-SWAP] [sess=5a5199baf4ac460896f8b772af67c899] [mode=-] [err=-]: 🎯 [PreHEDGE] TP conditional placed @ 0.239016
[2025-07-18T20:28:01Z] INFO bot [inst=DOGE-USDT-SWAP] [sess=5a5199baf4ac460896f8b772af67c899] [mode=-] [err=-]: 🚨 [PreHEDGE] loss -3.53% < −0.10% → hedge
[2025-07-18T20:28:01Z] INFO bot [inst=DOGE-USDT-SWAP] [sess=5a5199baf4ac460896f8b772af67c899] [mode=HEDGE] [err=-]: ▶️ [HEDGE] run start: WS pos (L,S)=(0.8000,0.0000)
[2025-07-18T20:28:01Z] INFO bot [inst=DOGE-USDT-SWAP] [sess=5a5199baf4ac460896f8b772af67c899] [mode=HEDGE] [err=-]: 🔍 [HEDGE] initial position detected: 0.8000
[2025-07-18T20:28:01Z] INFO bot [inst=DOGE-USDT-SWAP] [sess=5a5199baf4ac460896f8b772af67c899] [mode=HEDGE] [err=-]: 🔧 [HEDGE] placing market hedge: side=sell, size=1.6000
[2025-07-18T20:28:01Z] INFO bot [inst=DOGE-USDT-SWAP] [sess=5a5199baf4ac460896f8b772af67c899] [mode=HEDGE] [err=-]: 🎯 [HEDGE] placed hedge ordId=2696705336427204608
[2025-07-18T20:28:01Z] DEBUG bot [inst=DOGE-USDT-SWAP] [sess=5a5199baf4ac460896f8b772af67c899] [mode=HEDGE] [err=-]: [HEDGE] waiting for fill up to +5.0s
[2025-07-18T20:28:01Z] INFO bot [inst=DOGE-USDT-SWAP] [sess=5a5199baf4ac460896f8b772af67c899] [mode=FILL] [err=-]: ⚡ [FILL] DOGE-USDT-SWAP: SELL/short closed size=1.6@0.22845
[2025-07-18T20:28:02Z] INFO bot [inst=DOGE-USDT-SWAP] [sess=5a5199baf4ac460896f8b772af67c899] [mode=TPSL] [err=-]: → TPSL mode
[2025-07-18T20:28:04Z] INFO bot [inst=DOGE-USDT-SWAP] [sess=5a5199baf4ac460896f8b772af67c899] [mode=-] [err=-]: 🛠️ [TPSL] mismatch detected → reinstall all algos
[2025-07-18T20:28:04Z] DEBUG bot [inst=DOGE-USDT-SWAP] [sess=5a5199baf4ac460896f8b772af67c899] [mode=-] [err=-]: 🔄 [TPSL] reinstall_all → init(long)=0.8@0.23665, hedge(short)=1.6@0.22845, tp_init=0.2390165, tp_hedge=0.21941019
[2025-07-18T20:28:05Z] INFO bot [inst=DOGE-USDT-SWAP] [sess=5a5199baf4ac460896f8b772af67c899] [mode=-] [err=-]: 🧹 [TPSL] cancelled algos: [{'instId': 'DOGE-USDT-SWAP', 'algoId': '2696705244699205632'}]
[2025-07-18T20:28:05Z] DEBUG bot [inst=DOGE-USDT-SWAP] [sess=5a5199baf4ac460896f8b772af67c899] [mode=-] [err=-]: ⏳ [TPSL] placing OCO(init): {'instId': 'DOGE-USDT-SWAP', 'instType': 'SWAP', 'tdMode': 'cross', 'ordType': 'oco', 'posSide': 'long', 'side': 'sell', 'algoClOrdId': 'LDOGEUSDTSWAP', 'tpTriggerPx': '0.2390165', 'tpOrdPx': '-1', 'slTriggerPx': '0.21941019', 'slOrdPx': '-1', 'closeFraction': 1, 'reduceOnly': True}
[2025-07-18T20:28:05Z] INFO bot [inst=DOGE-USDT-SWAP] [sess=5a5199baf4ac460896f8b772af67c899] [mode=-] [err=-]: 🎯 [TPSL] placed OCO(LDOGEUSDTSWAP) @ 0.2390165
[2025-07-18T20:28:05Z] DEBUG bot [inst=DOGE-USDT-SWAP] [sess=5a5199baf4ac460896f8b772af67c899] [mode=-] [err=-]: ⏳ [TPSL] placing Conditional(hedge): {'instId': 'DOGE-USDT-SWAP', 'instType': 'SWAP', 'tdMode': 'cross', 'ordType': 'conditional', 'posSide': 'short', 'side': 'buy', 'algoClOrdId': 'SDOGEUSDTSWAP', 'tpTriggerPx': '0.21941019', 'tpOrdPx': '-1', 'closeFraction': 1, 'reduceOnly': True}
[2025-07-18T20:28:06Z] INFO bot [inst=DOGE-USDT-SWAP] [sess=5a5199baf4ac460896f8b772af67c899] [mode=-] [err=-]: 🎯 [TPSL] placed Conditional(SDOGEUSDTSWAP) @ 0.21941019
[2025-07-18T20:29:09Z] INFO bot [inst=DOGE-USDT-SWAP] [sess=5a5199baf4ac460896f8b772af67c899] [mode=FILL] [err=-]: ⚡ [FILL] DOGE-USDT-SWAP: SELL/long closed size=0.8@0.22775
[2025-07-18T20:29:09Z] INFO bot [inst=DOGE-USDT-SWAP] [sess=5a5199baf4ac460896f8b772af67c899] [mode=REPREHEDGE] [err=-]: → TPSL → PRE-HEDGE RE mode
[2025-07-18T20:29:10Z] ERROR bot [inst=DOGE-USDT-SWAP] [sess=5a5199baf4ac460896f8b772af67c899] [mode=-] [err=-]: ❌ [TPSL] loop error: float division by zero
Traceback (most recent call last):
  File "d:\Develop\Python\trade_bot\11.8.3\tpsl_monitor.py", line 112, in _loop
    abs(current.get(cid_init, 0)  - tp_init)  / tp_init  > self.threshold
    ~~~~~~~~~~~~~~~~~~~~~~~~~~~~~~~~~~~~~~~~~~^~~~~~~~~
ZeroDivisionError: float division by zero
[2025-07-18T20:29:11Z] INFO bot [inst=DOGE-USDT-SWAP] [sess=5a5199baf4ac460896f8b772af67c899] [mode=FILL] [err=-]: ⚡ [FILL] DOGE-USDT-SWAP: BUY/short closed size=1.6@0.2278
[2025-07-18T20:29:11Z] INFO bot [inst=DOGE-USDT-SWAP] [sess=5a5199baf4ac460896f8b772af67c899] [mode=ORDER] [err=-]: → ORDER mode
[2025-07-18T20:29:11Z] INFO bot [inst=DOGE-USDT-SWAP] [sess=5a5199baf4ac460896f8b772af67c899] [mode=ORDER] [err=-]: 🔄 [OrderMode] starting order loop
[2025-07-18T20:29:13Z] INFO bot [inst=DOGE-USDT-SWAP] [sess=5a5199baf4ac460896f8b772af67c899] [mode=ORDER] [err=-]: 🎯 [OrderMode] placed FOK: BUY 2696707731475451904@0.22752225, SELL 2696707732012322816@0.22797775
[2025-07-18T20:29:15Z] INFO bot [inst=DOGE-USDT-SWAP] [sess=5a5199baf4ac460896f8b772af67c899] [mode=FILL] [err=-]: ⚡ [FILL] DOGE-USDT-SWAP: SELL/short closed size=0.05@0.228
[2025-07-18T20:29:15Z] INFO bot [inst=DOGE-USDT-SWAP] [sess=5a5199baf4ac460896f8b772af67c899] [mode=ORDER] [err=-]: 🛑 [OrderMode] cancelled 2696707731475451904
[2025-07-18T20:29:15Z] INFO bot [inst=DOGE-USDT-SWAP] [sess=5a5199baf4ac460896f8b772af67c899] [mode=ORDER] [err=-]: ✅ [OrderMode] filled 2696707732012322816, switching to HEDGE
[2025-07-18T20:29:27Z] INFO bot [inst=DOGE-USDT-SWAP] [sess=5a5199baf4ac460896f8b772af67c899] [mode=-] [err=-]: 🚨 [PreHEDGE] loss -0.10% < −0.10% → hedge
[2025-07-18T20:29:27Z] INFO bot [inst=DOGE-USDT-SWAP] [sess=5a5199baf4ac460896f8b772af67c899] [mode=HEDGE] [err=-]: ▶️ [HEDGE] run start: WS pos (L,S)=(0.0000,0.0500)
[2025-07-18T20:29:27Z] INFO bot [inst=DOGE-USDT-SWAP] [sess=5a5199baf4ac460896f8b772af67c899] [mode=HEDGE] [err=-]: 🔍 [HEDGE] initial position detected: -0.0500
[2025-07-18T20:29:27Z] INFO bot [inst=DOGE-USDT-SWAP] [sess=5a5199baf4ac460896f8b772af67c899] [mode=HEDGE] [err=-]: 🔧 [HEDGE] placing market hedge: side=buy, size=0.1000
[2025-07-18T20:29:28Z] INFO bot [inst=DOGE-USDT-SWAP] [sess=5a5199baf4ac460896f8b772af67c899] [mode=HEDGE] [err=-]: 🎯 [HEDGE] placed hedge ordId=2696708244388499456
[2025-07-18T20:29:28Z] DEBUG bot [inst=DOGE-USDT-SWAP] [sess=5a5199baf4ac460896f8b772af67c899] [mode=HEDGE] [err=-]: [HEDGE] waiting for fill up to +5.0s
[2025-07-18T20:29:28Z] INFO bot [inst=DOGE-USDT-SWAP] [sess=5a5199baf4ac460896f8b772af67c899] [mode=FILL] [err=-]: ⚡ [FILL] DOGE-USDT-SWAP: BUY/long closed size=0.1@0.228
[2025-07-18T20:29:28Z] INFO bot [inst=DOGE-USDT-SWAP] [sess=5a5199baf4ac460896f8b772af67c899] [mode=TPSL] [err=-]: → TPSL mode
[2025-07-18T20:29:32Z] INFO bot [inst=DOGE-USDT-SWAP] [sess=5a5199baf4ac460896f8b772af67c899] [mode=-] [err=-]: 🛠️ [TPSL] mismatch detected → reinstall all algos
[2025-07-18T20:29:32Z] DEBUG bot [inst=DOGE-USDT-SWAP] [sess=5a5199baf4ac460896f8b772af67c899] [mode=-] [err=-]: 🔄 [TPSL] reinstall_all → init(short)=0.05@0.228, hedge(long)=0.1@0.228, tp_init=0.22572, tp_hedge=0.22928305
[2025-07-18T20:29:32Z] DEBUG bot [inst=DOGE-USDT-SWAP] [sess=5a5199baf4ac460896f8b772af67c899] [mode=-] [err=-]: ⏳ [TPSL] placing OCO(init): {'instId': 'DOGE-USDT-SWAP', 'instType': 'SWAP', 'tdMode': 'cross', 'ordType': 'oco', 'posSide': 'short', 'side': 'buy', 'algoClOrdId': 'SDOGEUSDTSWAP', 'tpTriggerPx': '0.22572', 'tpOrdPx': '-1', 'slTriggerPx': '0.22928305', 'slOrdPx': '-1', 'closeFraction': 1, 'reduceOnly': True}
[2025-07-18T20:29:33Z] INFO bot [inst=DOGE-USDT-SWAP] [sess=5a5199baf4ac460896f8b772af67c899] [mode=-] [err=-]: 🎯 [TPSL] placed OCO(SDOGEUSDTSWAP) @ 0.22572
[2025-07-18T20:29:33Z] DEBUG bot [inst=DOGE-USDT-SWAP] [sess=5a5199baf4ac460896f8b772af67c899] [mode=-] [err=-]: ⏳ [TPSL] placing Conditional(hedge): {'instId': 'DOGE-USDT-SWAP', 'instType': 'SWAP', 'tdMode': 'cross', 'ordType': 'conditional', 'posSide': 'long', 'side': 'sell', 'algoClOrdId': 'LDOGEUSDTSWAP', 'tpTriggerPx': '0.22928305', 'tpOrdPx': '-1', 'closeFraction': 1, 'reduceOnly': True}
[2025-07-18T20:29:33Z] INFO bot [inst=DOGE-USDT-SWAP] [sess=5a5199baf4ac460896f8b772af67c899] [mode=-] [err=-]: 🎯 [TPSL] placed Conditional(LDOGEUSDTSWAP) @ 0.22928305
[2025-07-18T20:29:44Z] INFO bot [inst=DOGE-USDT-SWAP] [sess=5a5199baf4ac460896f8b772af67c899] [mode=SHUTDOWN] [err=-]: Shutdown initiated
[2025-07-18T20:29:44Z] INFO bot [inst=DOGE-USDT-SWAP] [sess=5a5199baf4ac460896f8b772af67c899] [mode=-] [err=-]: ⏹️ [TPSL] Monitor stopping
[2025-07-18T20:29:55Z] INFO bot [inst=DOGE-USDT-SWAP] [sess=fbf6573c7307421c851a36fcd57a5bc2] [mode=START] [err=-]: ⏲️ Time offset set to 183 ms
[2025-07-18T20:29:55Z] INFO bot [inst=DOGE-USDT-SWAP] [sess=fbf6573c7307421c851a36fcd57a5bc2] [mode=START] [err=-]: 📈 Initial snapshot fetched
[2025-07-18T20:29:55Z] INFO bot [inst=DOGE-USDT-SWAP] [sess=fbf6573c7307421c851a36fcd57a5bc2] [mode=-] [err=-]: ▶️ [TPSL] Monitor starting
[2025-07-18T20:29:55Z] INFO bot [inst=DOGE-USDT-SWAP] [sess=fbf6573c7307421c851a36fcd57a5bc2] [mode=START] [err=-]: Orchestrator started
[2025-07-18T20:29:57Z] INFO bot [inst=DOGE-USDT-SWAP] [sess=fbf6573c7307421c851a36fcd57a5bc2] [mode=WS] [err=-]: ✅ [WS] login successful
[2025-07-18T20:29:57Z] INFO bot [inst=DOGE-USDT-SWAP] [sess=fbf6573c7307421c851a36fcd57a5bc2] [mode=WS] [err=-]: ✅ [WS] subscribed to orders
[2025-07-18T20:29:57Z] INFO bot [inst=DOGE-USDT-SWAP] [sess=fbf6573c7307421c851a36fcd57a5bc2] [mode=WS] [err=-]: ✅ [WS] subscribed to positions
[2025-07-18T20:29:58Z] INFO bot [inst=DOGE-USDT-SWAP] [sess=fbf6573c7307421c851a36fcd57a5bc2] [mode=ORDER] [err=-]: → ORDER mode
[2025-07-18T20:29:58Z] INFO bot [inst=DOGE-USDT-SWAP] [sess=fbf6573c7307421c851a36fcd57a5bc2] [mode=ORDER] [err=-]: 🔄 [OrderMode] starting order loop
[2025-07-18T20:29:59Z] INFO bot [inst=DOGE-USDT-SWAP] [sess=fbf6573c7307421c851a36fcd57a5bc2] [mode=ORDER] [err=-]: 🎯 [OrderMode] placed FOK: BUY 2696709306856034304@0.22789687, SELL 2696709307158024192@0.22835312
[2025-07-18T20:30:00Z] DEBUG bot [inst=DOGE-USDT-SWAP] [sess=fbf6573c7307421c851a36fcd57a5bc2] [mode=-] [err=-]: 🔄 [TPSL] initial sync pass
[2025-07-18T20:30:10Z] INFO bot [inst=DOGE-USDT-SWAP] [sess=fbf6573c7307421c851a36fcd57a5bc2] [mode=ORDER] [err=-]: 🕐 [OrderMode] no fill after 10.0s, retry
[2025-07-18T20:30:10Z] INFO bot [inst=DOGE-USDT-SWAP] [sess=fbf6573c7307421c851a36fcd57a5bc2] [mode=ORDER] [err=-]: 🛑 [OrderMode] cancelled 2696709306856034304
[2025-07-18T20:30:10Z] INFO bot [inst=DOGE-USDT-SWAP] [sess=fbf6573c7307421c851a36fcd57a5bc2] [mode=ORDER] [err=-]: 🛑 [OrderMode] cancelled 2696709307158024192
[2025-07-18T20:30:10Z] INFO bot [inst=DOGE-USDT-SWAP] [sess=fbf6573c7307421c851a36fcd57a5bc2] [mode=ORDER] [err=-]: 🔄 [OrderMode] starting order loop
[2025-07-18T20:30:12Z] INFO bot [inst=DOGE-USDT-SWAP] [sess=fbf6573c7307421c851a36fcd57a5bc2] [mode=ORDER] [err=-]: 🎯 [OrderMode] placed FOK: BUY 2696709711119831040@0.22789687, SELL 2696709710180306944@0.22835312
[2025-07-18T20:30:14Z] INFO bot [inst=DOGE-USDT-SWAP] [sess=fbf6573c7307421c851a36fcd57a5bc2] [mode=FILL] [err=-]: ⚡ [FILL] DOGE-USDT-SWAP: SELL/short closed size=0.05@0.2284
[2025-07-18T20:30:14Z] INFO bot [inst=DOGE-USDT-SWAP] [sess=fbf6573c7307421c851a36fcd57a5bc2] [mode=PREHEDGE] [err=-]: → PRE-HEDGE mode
[2025-07-18T20:30:15Z] INFO bot [inst=DOGE-USDT-SWAP] [sess=fbf6573c7307421c851a36fcd57a5bc2] [mode=ORDER] [err=-]: 🛑 [OrderMode] cancelled 2696709711119831040
[2025-07-18T20:30:15Z] INFO bot [inst=DOGE-USDT-SWAP] [sess=fbf6573c7307421c851a36fcd57a5bc2] [mode=ORDER] [err=-]: ✅ [OrderMode] filled 2696709710180306944, switching to HEDGE
[2025-07-18T20:30:18Z] DEBUG bot [inst=DOGE-USDT-SWAP] [sess=fbf6573c7307421c851a36fcd57a5bc2] [mode=-] [err=-]: 🎯 [PreHEDGE] placing TP conditional: {'instId': 'DOGE-USDT-SWAP', 'instType': 'SWAP', 'tdMode': 'cross', 'ordType': 'conditional', 'posSide': 'short', 'side': 'buy', 'algoClOrdId': 'PSDOGEUSDTSWAP', 'tpTriggerPx': '0.226116', 'tpOrdPx': '-1', 'closeFraction': 1, 'reduceOnly': True}
[2025-07-18T20:30:19Z] INFO bot [inst=DOGE-USDT-SWAP] [sess=fbf6573c7307421c851a36fcd57a5bc2] [mode=-] [err=-]: 🎯 [PreHEDGE] TP conditional placed @ 0.226116
[2025-07-18T20:30:26Z] INFO bot [inst=DOGE-USDT-SWAP] [sess=fbf6573c7307421c851a36fcd57a5bc2] [mode=-] [err=-]: 🚨 [PreHEDGE] loss -0.15% < −0.10% → hedge
[2025-07-18T20:30:26Z] INFO bot [inst=DOGE-USDT-SWAP] [sess=fbf6573c7307421c851a36fcd57a5bc2] [mode=HEDGE] [err=-]: ▶️ [HEDGE] run start: WS pos (L,S)=(0.0000,0.0500)
[2025-07-18T20:30:26Z] INFO bot [inst=DOGE-USDT-SWAP] [sess=fbf6573c7307421c851a36fcd57a5bc2] [mode=HEDGE] [err=-]: 🔍 [HEDGE] initial position detected: -0.0500
[2025-07-18T20:30:26Z] INFO bot [inst=DOGE-USDT-SWAP] [sess=fbf6573c7307421c851a36fcd57a5bc2] [mode=HEDGE] [err=-]: 🔧 [HEDGE] placing market hedge: side=buy, size=0.1000
[2025-07-18T20:30:26Z] INFO bot [inst=DOGE-USDT-SWAP] [sess=fbf6573c7307421c851a36fcd57a5bc2] [mode=HEDGE] [err=-]: 🎯 [HEDGE] placed hedge ordId=2696710207289217024
[2025-07-18T20:30:26Z] DEBUG bot [inst=DOGE-USDT-SWAP] [sess=fbf6573c7307421c851a36fcd57a5bc2] [mode=HEDGE] [err=-]: [HEDGE] waiting for fill up to +5.0s
[2025-07-18T20:30:26Z] INFO bot [inst=DOGE-USDT-SWAP] [sess=fbf6573c7307421c851a36fcd57a5bc2] [mode=FILL] [err=-]: ⚡ [FILL] DOGE-USDT-SWAP: BUY/long closed size=0.1@0.2284
[2025-07-18T20:30:27Z] INFO bot [inst=DOGE-USDT-SWAP] [sess=fbf6573c7307421c851a36fcd57a5bc2] [mode=TPSL] [err=-]: → TPSL mode
[2025-07-18T20:30:27Z] INFO bot [inst=DOGE-USDT-SWAP] [sess=fbf6573c7307421c851a36fcd57a5bc2] [mode=-] [err=-]: 🛠️ [TPSL] mismatch detected → reinstall all algos
[2025-07-18T20:30:27Z] DEBUG bot [inst=DOGE-USDT-SWAP] [sess=fbf6573c7307421c851a36fcd57a5bc2] [mode=-] [err=-]: 🔄 [TPSL] reinstall_all → init(short)=0.05@0.2284, hedge(long)=0.1@0.2284, tp_init=0.226116, tp_hedge=0.2296853
[2025-07-18T20:30:28Z] INFO bot [inst=DOGE-USDT-SWAP] [sess=fbf6573c7307421c851a36fcd57a5bc2] [mode=-] [err=-]: 🧹 [TPSL] cancelled algos: [{'instId': 'DOGE-USDT-SWAP', 'algoId': '2696709948359483392'}]
[2025-07-18T20:30:28Z] DEBUG bot [inst=DOGE-USDT-SWAP] [sess=fbf6573c7307421c851a36fcd57a5bc2] [mode=-] [err=-]: ⏳ [TPSL] placing OCO(init): {'instId': 'DOGE-USDT-SWAP', 'instType': 'SWAP', 'tdMode': 'cross', 'ordType': 'oco', 'posSide': 'short', 'side': 'buy', 'algoClOrdId': 'SDOGEUSDTSWAP', 'tpTriggerPx': '0.226116', 'tpOrdPx': '-1', 'slTriggerPx': '0.2296853', 'slOrdPx': '-1', 'closeFraction': 1, 'reduceOnly': True}
[2025-07-18T20:30:28Z] INFO bot [inst=DOGE-USDT-SWAP] [sess=fbf6573c7307421c851a36fcd57a5bc2] [mode=-] [err=-]: 🎯 [TPSL] placed OCO(SDOGEUSDTSWAP) @ 0.226116
[2025-07-18T20:30:28Z] DEBUG bot [inst=DOGE-USDT-SWAP] [sess=fbf6573c7307421c851a36fcd57a5bc2] [mode=-] [err=-]: ⏳ [TPSL] placing Conditional(hedge): {'instId': 'DOGE-USDT-SWAP', 'instType': 'SWAP', 'tdMode': 'cross', 'ordType': 'conditional', 'posSide': 'long', 'side': 'sell', 'algoClOrdId': 'LDOGEUSDTSWAP', 'tpTriggerPx': '0.2296853', 'tpOrdPx': '-1', 'closeFraction': 1, 'reduceOnly': True}
[2025-07-18T20:30:29Z] INFO bot [inst=DOGE-USDT-SWAP] [sess=fbf6573c7307421c851a36fcd57a5bc2] [mode=-] [err=-]: 🎯 [TPSL] placed Conditional(LDOGEUSDTSWAP) @ 0.2296853
[2025-07-18T20:30:55Z] INFO bot [inst=DOGE-USDT-SWAP] [sess=fbf6573c7307421c851a36fcd57a5bc2] [mode=FILL] [err=-]: ⚡ [FILL] DOGE-USDT-SWAP: SELL/long closed size=0.1@0.22845
[2025-07-18T20:30:55Z] INFO bot [inst=DOGE-USDT-SWAP] [sess=fbf6573c7307421c851a36fcd57a5bc2] [mode=REPREHEDGE] [err=-]: → TPSL → PRE-HEDGE RE mode
[2025-07-18T20:30:57Z] INFO bot [inst=DOGE-USDT-SWAP] [sess=fbf6573c7307421c851a36fcd57a5bc2] [mode=FILL] [err=-]: ⚡ [FILL] DOGE-USDT-SWAP: BUY/short closed size=0.05@0.2285
[2025-07-18T20:30:58Z] INFO bot [inst=DOGE-USDT-SWAP] [sess=fbf6573c7307421c851a36fcd57a5bc2] [mode=ORDER] [err=-]: → ORDER mode
[2025-07-18T20:30:58Z] INFO bot [inst=DOGE-USDT-SWAP] [sess=fbf6573c7307421c851a36fcd57a5bc2] [mode=ORDER] [err=-]: 🔄 [OrderMode] starting order loop
[2025-07-18T20:30:59Z] INFO bot [inst=DOGE-USDT-SWAP] [sess=fbf6573c7307421c851a36fcd57a5bc2] [mode=ORDER] [err=-]: 🎯 [OrderMode] placed FOK: BUY 2696711298278019072@0.22824652, SELL 2696711300056403968@0.22870347
[2025-07-18T20:30:59Z] INFO bot [inst=DOGE-USDT-SWAP] [sess=fbf6573c7307421c851a36fcd57a5bc2] [mode=SHUTDOWN] [err=-]: Shutdown initiated
[2025-07-18T20:30:59Z] INFO bot [inst=DOGE-USDT-SWAP] [sess=fbf6573c7307421c851a36fcd57a5bc2] [mode=-] [err=-]: ⏹️ [TPSL] Monitor stopping
[2025-07-18T20:59:25Z] INFO bot [inst=DOGE-USDT-SWAP] [sess=18fe8442ea6942d8a9f67bffad390f59] [mode=START] [err=-]: ⏲️ Time offset set to 192 ms
[2025-07-18T20:59:25Z] INFO bot [inst=DOGE-USDT-SWAP] [sess=18fe8442ea6942d8a9f67bffad390f59] [mode=START] [err=-]: 📈 Initial snapshot fetched
[2025-07-18T20:59:25Z] INFO bot [inst=DOGE-USDT-SWAP] [sess=18fe8442ea6942d8a9f67bffad390f59] [mode=-] [err=-]: ▶️ [TPSL] Monitor starting
[2025-07-18T20:59:25Z] INFO bot [inst=DOGE-USDT-SWAP] [sess=18fe8442ea6942d8a9f67bffad390f59] [mode=START] [err=-]: Orchestrator started
[2025-07-18T20:59:26Z] INFO bot [inst=DOGE-USDT-SWAP] [sess=18fe8442ea6942d8a9f67bffad390f59] [mode=STARTUP] [err=-]: Startup detected TWO legs → enter TPSL mode
[2025-07-18T20:59:27Z] INFO bot [inst=DOGE-USDT-SWAP] [sess=18fe8442ea6942d8a9f67bffad390f59] [mode=WS] [err=-]: ✅ [WS] login successful
[2025-07-18T20:59:27Z] INFO bot [inst=DOGE-USDT-SWAP] [sess=18fe8442ea6942d8a9f67bffad390f59] [mode=WS] [err=-]: ✅ [WS] subscribed to orders
[2025-07-18T20:59:27Z] INFO bot [inst=DOGE-USDT-SWAP] [sess=18fe8442ea6942d8a9f67bffad390f59] [mode=WS] [err=-]: ✅ [WS] subscribed to positions
[2025-07-18T20:59:28Z] ERROR bot [inst=DOGE-USDT-SWAP] [sess=18fe8442ea6942d8a9f67bffad390f59] [mode=WS] [err=-]: 🔄 [WS] Disconnected: WS subscribe tickers failed: {'event': 'error', 'msg': 'The current WebSocket endpoint does not support subscribing to public channels. Please check the WebSocket URL.', 'code': '60008', 'connId': '70404ef5'}, retry in 1s
[2025-07-18T20:59:30Z] DEBUG bot [inst=DOGE-USDT-SWAP] [sess=18fe8442ea6942d8a9f67bffad390f59] [mode=-] [err=-]: 🔄 [TPSL] initial sync pass
[2025-07-18T20:59:31Z] INFO bot [inst=DOGE-USDT-SWAP] [sess=18fe8442ea6942d8a9f67bffad390f59] [mode=WS] [err=-]: ✅ [WS] login successful
[2025-07-18T20:59:31Z] INFO bot [inst=DOGE-USDT-SWAP] [sess=18fe8442ea6942d8a9f67bffad390f59] [mode=WS] [err=-]: ✅ [WS] subscribed to orders
[2025-07-18T20:59:31Z] INFO bot [inst=DOGE-USDT-SWAP] [sess=18fe8442ea6942d8a9f67bffad390f59] [mode=WS] [err=-]: ✅ [WS] subscribed to positions
[2025-07-18T20:59:32Z] ERROR bot [inst=DOGE-USDT-SWAP] [sess=18fe8442ea6942d8a9f67bffad390f59] [mode=WS] [err=-]: 🔄 [WS] Disconnected: WS subscribe tickers failed: {'event': 'error', 'msg': 'The current WebSocket endpoint does not support subscribing to public channels. Please check the WebSocket URL.', 'code': '60008', 'connId': 'c329a169'}, retry in 2s
[2025-07-18T20:59:36Z] INFO bot [inst=DOGE-USDT-SWAP] [sess=18fe8442ea6942d8a9f67bffad390f59] [mode=WS] [err=-]: ✅ [WS] login successful
[2025-07-18T20:59:36Z] INFO bot [inst=DOGE-USDT-SWAP] [sess=18fe8442ea6942d8a9f67bffad390f59] [mode=WS] [err=-]: ✅ [WS] subscribed to orders
[2025-07-18T20:59:36Z] INFO bot [inst=DOGE-USDT-SWAP] [sess=18fe8442ea6942d8a9f67bffad390f59] [mode=WS] [err=-]: ✅ [WS] subscribed to positions
[2025-07-18T20:59:37Z] ERROR bot [inst=DOGE-USDT-SWAP] [sess=18fe8442ea6942d8a9f67bffad390f59] [mode=WS] [err=-]: 🔄 [WS] Disconnected: WS subscribe tickers failed: {'event': 'error', 'msg': 'The current WebSocket endpoint does not support subscribing to public channels. Please check the WebSocket URL.', 'code': '60008', 'connId': 'ab4b4dde'}, retry in 4s
[2025-07-18T20:59:42Z] INFO bot [inst=DOGE-USDT-SWAP] [sess=18fe8442ea6942d8a9f67bffad390f59] [mode=WS] [err=-]: ✅ [WS] login successful
[2025-07-18T20:59:43Z] INFO bot [inst=DOGE-USDT-SWAP] [sess=18fe8442ea6942d8a9f67bffad390f59] [mode=WS] [err=-]: ✅ [WS] subscribed to orders
[2025-07-18T20:59:43Z] INFO bot [inst=DOGE-USDT-SWAP] [sess=18fe8442ea6942d8a9f67bffad390f59] [mode=WS] [err=-]: ✅ [WS] subscribed to positions
[2025-07-18T20:59:43Z] INFO bot [inst=DOGE-USDT-SWAP] [sess=18fe8442ea6942d8a9f67bffad390f59] [mode=SHUTDOWN] [err=-]: Shutdown initiated
[2025-07-18T20:59:43Z] INFO bot [inst=DOGE-USDT-SWAP] [sess=18fe8442ea6942d8a9f67bffad390f59] [mode=-] [err=-]: ⏹️ [TPSL] Monitor stopping
