[2025-08-06T00:38:15] ERROR bot [mode=LOOP] : Loop-level exception
Traceback (most recent call last):
  File "d:\Develop\Python\trade_bot\11.9.1\core\position_snapshot.py", line 86, in _on_ws_position
    px   = float(pos.get("avgPx", 0))
           ^^^^^^^^^^^^^^^^^^^^^^^^^^
ValueError: could not convert string to float: ''
[2025-08-06T00:38:16] ERROR bot [mode=-] : ❌ [PreHEDGE] TP placement failed: code=-1, msg=
[2025-08-06T12:43:32] ERROR bot [mode=WS] : 🔄 [WS-PRIV] Disconnected: 502, message='Invalid response status', url='wss://wspap.okx.com:8443/ws/v5/private', retry in 1s
[2025-08-06T12:43:34] ERROR bot [mode=WS] : 🔄 [WS-PRIV] Disconnected: 502, message='Invalid response status', url='wss://wspap.okx.com:8443/ws/v5/private', retry in 2s
[2025-08-06T20:29:14] ERROR bot [mode=REST] : [TimeoutError] GET https://www.okx.com/api/v5/account/positions, attempt 1/4, sleeping 1.0s before retry
Traceback (most recent call last):
  File "C:\Users\Professional\AppData\Local\Programs\Python\Python312\Lib\site-packages\aiohttp\client_reqrep.py", line 1059, in start
    message, payload = await protocol.read()  # type: ignore[union-attr]
                       ^^^^^^^^^^^^^^^^^^^^^
  File "C:\Users\Professional\AppData\Local\Programs\Python\Python312\Lib\site-packages\aiohttp\streams.py", line 644, in read
    await self._waiter
asyncio.exceptions.CancelledError

The above exception was the direct cause of the following exception:

Traceback (most recent call last):
  File "d:\Develop\Python\trade_bot\11.9.1\core\rest_client.py", line 206, in request
    async with self.session.request(
  File "C:\Users\Professional\AppData\Local\Programs\Python\Python312\Lib\site-packages\aiohttp\client.py", line 1360, in __aenter__
    self._resp: _RetType = await self._coro
                           ^^^^^^^^^^^^^^^^
  File "C:\Users\Professional\AppData\Local\Programs\Python\Python312\Lib\site-packages\aiohttp\client.py", line 690, in _request
    await resp.start(conn)
  File "C:\Users\Professional\AppData\Local\Programs\Python\Python312\Lib\site-packages\aiohttp\client_reqrep.py", line 1054, in start
    with self._timer:
  File "C:\Users\Professional\AppData\Local\Programs\Python\Python312\Lib\site-packages\aiohttp\helpers.py", line 749, in __exit__
    raise asyncio.TimeoutError from exc_val
TimeoutError
[2025-08-06T22:27:46] ERROR bot [mode=LOOP] : Loop-level exception
Traceback (most recent call last):
  File "d:\Develop\Python\trade_bot\11.9.1\core\position_snapshot.py", line 86, in _on_ws_position
    px   = float(pos.get("avgPx", 0))
           ^^^^^^^^^^^^^^^^^^^^^^^^^^
ValueError: could not convert string to float: ''
[2025-08-06T22:27:47] ERROR bot [mode=REST] : API error code=1 response={'code': '1', 'data': [{'algoClOrdId': '', 'algoId': '', 'clOrdId': '', 'sCode': '51023', 'sMsg': "Position doesn't exist. ", 'tag': ''}], 'msg': ''}
[2025-08-06T22:27:47] ERROR bot [mode=-] : ❌ [TPSL] conditional failed for SDOGEUSDTSWAP: API error 1
[2025-08-06T22:27:47] ERROR bot [mode=LOOP] : Loop-level exception
Traceback (most recent call last):
  File "d:\Develop\Python\trade_bot\11.9.1\core\position_snapshot.py", line 86, in _on_ws_position
    px   = float(pos.get("avgPx", 0))
           ^^^^^^^^^^^^^^^^^^^^^^^^^^
ValueError: could not convert string to float: ''
[2025-08-06T22:28:10] ERROR bot [mode=LOOP] : Loop-level exception
Traceback (most recent call last):
  File "d:\Develop\Python\trade_bot\11.9.1\core\orchestrator.py", line 229, in _reinvest_loop
    await self.reinvestor.handle_tp_fill((ep, eq, Decimal(str(tp_price)), side))
  File "d:\Develop\Python\trade_bot\11.9.1\core\reinvest.py", line 43, in handle_tp_fill
    await self._do_reinvest(snapshot)
  File "d:\Develop\Python\trade_bot\11.9.1\core\reinvest.py", line 49, in _do_reinvest
    ep, eq, tp, side = map(Decimal, snapshot)
    ^^^^^^^^^^^^^^^^
decimal.InvalidOperation: [<class 'decimal.ConversionSyntax'>]
[2025-08-06T22:28:10] ERROR bot [mode=LOOP] : Loop-level exception
Traceback (most recent call last):
  File "d:\Develop\Python\trade_bot\11.9.1\core\position_snapshot.py", line 86, in _on_ws_position
    px   = float(pos.get("avgPx", 0))
           ^^^^^^^^^^^^^^^^^^^^^^^^^^
ValueError: could not convert string to float: ''
[2025-08-06T22:28:10] ERROR bot [mode=LOOP] : Loop-level exception
Traceback (most recent call last):
  File "d:\Develop\Python\trade_bot\11.9.1\core\position_snapshot.py", line 86, in _on_ws_position
    px   = float(pos.get("avgPx", 0))
           ^^^^^^^^^^^^^^^^^^^^^^^^^^
ValueError: could not convert string to float: ''
[2025-08-06T22:28:24] ERROR bot [mode=LOOP] : Loop-level exception
Traceback (most recent call last):
  File "d:\Develop\Python\trade_bot\11.9.1\core\position_snapshot.py", line 86, in _on_ws_position
    px   = float(pos.get("avgPx", 0))
           ^^^^^^^^^^^^^^^^^^^^^^^^^^
ValueError: could not convert string to float: ''
[2025-08-06T22:28:24] ERROR bot [mode=LOOP] : Loop-level exception
Traceback (most recent call last):
  File "d:\Develop\Python\trade_bot\11.9.1\core\position_snapshot.py", line 86, in _on_ws_position
    px   = float(pos.get("avgPx", 0))
           ^^^^^^^^^^^^^^^^^^^^^^^^^^
ValueError: could not convert string to float: ''
[2025-08-06T22:28:48] ERROR bot [mode=LOOP] : Loop-level exception
Traceback (most recent call last):
  File "d:\Develop\Python\trade_bot\11.9.1\core\position_snapshot.py", line 86, in _on_ws_position
    px   = float(pos.get("avgPx", 0))
           ^^^^^^^^^^^^^^^^^^^^^^^^^^
ValueError: could not convert string to float: ''
[2025-08-06T22:28:48] ERROR bot [mode=LOOP] : Loop-level exception
Traceback (most recent call last):
  File "d:\Develop\Python\trade_bot\11.9.1\core\position_snapshot.py", line 86, in _on_ws_position
    px   = float(pos.get("avgPx", 0))
           ^^^^^^^^^^^^^^^^^^^^^^^^^^
ValueError: could not convert string to float: ''
[2025-08-06T22:29:10] ERROR bot [mode=LOOP] : Loop-level exception
Traceback (most recent call last):
  File "d:\Develop\Python\trade_bot\11.9.1\core\position_snapshot.py", line 86, in _on_ws_position
    px   = float(pos.get("avgPx", 0))
           ^^^^^^^^^^^^^^^^^^^^^^^^^^
ValueError: could not convert string to float: ''
[2025-08-06T22:29:10] ERROR bot [mode=LOOP] : Loop-level exception
Traceback (most recent call last):
  File "d:\Develop\Python\trade_bot\11.9.1\core\position_snapshot.py", line 86, in _on_ws_position
    px   = float(pos.get("avgPx", 0))
           ^^^^^^^^^^^^^^^^^^^^^^^^^^
ValueError: could not convert string to float: ''
[2025-08-06T22:31:35] ERROR bot [mode=LOOP] : Loop-level exception
Traceback (most recent call last):
  File "d:\Develop\Python\trade_bot\11.9.1\core\position_snapshot.py", line 86, in _on_ws_position
    px   = float(pos.get("avgPx", 0))
           ^^^^^^^^^^^^^^^^^^^^^^^^^^
ValueError: could not convert string to float: ''
[2025-08-06T22:31:36] ERROR bot [mode=-] : ❌ [PreHEDGE] TP placement failed: code=-1, msg=
[2025-08-06T22:33:10] ERROR bot [mode=LOOP] : Loop-level exception
Traceback (most recent call last):
  File "d:\Develop\Python\trade_bot\11.9.1\core\orchestrator.py", line 229, in _reinvest_loop
    await self.reinvestor.handle_tp_fill((ep, eq, Decimal(str(tp_price)), side))
  File "d:\Develop\Python\trade_bot\11.9.1\core\reinvest.py", line 43, in handle_tp_fill
    await self._do_reinvest(snapshot)
  File "d:\Develop\Python\trade_bot\11.9.1\core\reinvest.py", line 49, in _do_reinvest
    ep, eq, tp, side = map(Decimal, snapshot)
    ^^^^^^^^^^^^^^^^
decimal.InvalidOperation: [<class 'decimal.ConversionSyntax'>]
[2025-08-06T22:33:11] ERROR bot [mode=-] : ❌ [PreHEDGE] TP placement failed: code=-1, msg=
